# cmd: node /home/s4il0r/Documents/Cursor/li-langverse/lic/../li-cursor-agents/dist/cli/run-agent.js --agent code_implementer --cwd /home/s4il0r/Documents/Cursor/li-langverse/lic --workflow-repo lic --goal-file /home/s4il0r/Documents/Cursor/li-langverse/lic/data/compiler-studio-plan-loop/goal-20260522-214650.md --benchmarks /home/s4il0r/Documents/Cursor/li-langverse/lic/../benchmarks
# cwd: /home/s4il0r/Documents/Cursor/li-langverse/lic/../li-cursor-agents

backend: cursor-sdk agent: code_implementer
SDK tool activity streams to stderr ([sdk] ▶/✓ lines). Set LI_SDK_TERMINAL_STREAM=0 to disable.
2026-05-22T21:46:50.602Z [heartbeat] info: worker_status → Supabase: 1 active run(s) code_implementer
[sdk] live stream on (agent=code_implementer cwd=/home/s4il0r/Documents/Cursor/li-langverse/li-cursor-agents/data/workspaces/li-langverse/lic/code_implementer-1779486466312/repo) — tool lines only; LI_SDK_TERMINAL_STREAM=0 to disable
[sdk] thinking…
[sdk] assistant reply
[sdk] ▶ tool
[sdk] ✓ grep /home/s4il0r/Documents/Cursor/li-langverse/li-cursor-agents/data/workspaces/li-langverse/lic/code_implementer-1779486466312/repo
[sdk] ✗ tool
[sdk] ▶ tool
[sdk] ✓ glob
[sdk] ✗ tool
[sdk] ▶ tool
[sdk] ✓ shell cd /home/s4il0r/Documents/Cursor/li-langverse/li-cursor-agents/data/workspaces/l
[sdk] ✗ tool
[sdk] ▶ tool
[sdk] ✓ read /home/s4il0r/Documents/Cursor/li-langverse/li-cursor-agents/data/workspaces/li-langverse/lic/code_implementer-1779486466312/repo/docs/superpowers/plans/2026-05-22-compiler-studio-plan-loop.md
[sdk] ✗ tool
[sdk] ▶ tool
[sdk] ✓ read /home/s4il0r/Documents/Cursor/li-langverse/li-cursor-agents/data/workspaces/li-langverse/lic/code_implementer-1779486466312/repo/benchmarks/tier1_micro/simd_dot/li/main.li
[sdk] ✗ tool
[sdk] ▶ tool
[sdk] ✓ read /home/s4il0r/Documents/Cursor/li-langverse/li-cursor-agents/data/workspaces/li-langverse/lic/code_implementer-1779486466312/repo/benchmarks/tier1_micro/simd_dot/common/dot_core.c
[sdk] ✗ tool
[sdk] ▶ tool
[sdk] ✓ read /home/s4il0r/Documents/Cursor/li-langverse/li-cursor-agents/data/workspaces/li-langverse/lic/code_implementer-1779486466312/repo/benchmarks/harness/reference.py
[sdk] ✗ tool
[sdk] thinking…
[sdk] ▶ tool
[sdk] ✓ glob
[sdk] ✗ tool
[sdk] ▶ tool
[sdk] ✓ read /home/s4il0r/Documents/Cursor/li-langverse/li-cursor-agents/data/workspaces/li-langverse/lic/code_implementer-1779486466312/repo/scripts/verify-math-physics-goldens.sh
[sdk] ✗ tool
[sdk] ▶ tool
[sdk] ✓ grep /home/s4il0r/Documents/Cursor/li-langverse/li-cursor-agents/data/workspaces/li-langverse/lic/code_implementer-1779486466312/repo
[sdk] ✗ tool
[sdk] ▶ tool
[sdk] ✓ read /home/s4il0r/Documents/Cursor/li-langverse/li-cursor-agents/data/workspaces/li-langverse/lic/code_implementer-1779486466312/repo/benchmarks/tier1_micro/matmul_naive/li/main.li
[sdk] ✗ tool
[sdk] ▶ tool
[sdk] ✓ read /home/s4il0r/Documents/Cursor/li-langverse/li-cursor-agents/data/workspaces/li-langverse/lic/code_implementer-1779486466312/repo/benchmarks/tier1_micro/horner_pure_li/li/main.li
[sdk] ✗ tool
[sdk] ▶ tool
[sdk] ✓ read /home/s4il0r/Documents/Cursor/li-langverse/li-cursor-agents/data/workspaces/li-langverse/lic/code_implementer-1779486466312/repo/docs/release-notes/2026-05-21-7ea-simd-dot-math.md
[sdk] ✗ tool
[sdk] ▶ tool
[sdk] ✓ read /home/s4il0r/Documents/Cursor/li-langverse/li-cursor-agents/data/workspaces/li-langverse/lic/code_implementer-1779486466312/repo/benchmarks/harness/bench.py
[sdk] ✗ tool
[sdk] thinking…
[sdk] ▶ tool
[sdk] ✓ read /home/s4il0r/Documents/Cursor/li-langverse/li-cursor-agents/data/workspaces/li-langverse/lic/code_implementer-1779486466312/repo/benchmarks/harness/reference.py
[sdk] ✗ tool
[sdk] ▶ tool
[sdk] ✓ glob
[sdk] ✗ tool
[sdk] ▶ tool
[sdk] ✓ read /home/s4il0r/Documents/Cursor/li-langverse/li-cursor-agents/data/workspaces/li-langverse/lic/code_implementer-1779486466312/repo/scripts/bench-verify-results.sh
[sdk] ✗ tool
[sdk] ▶ tool
[sdk] ✓ read /home/s4il0r/Documents/Cursor/li-langverse/li-cursor-agents/data/workspaces/li-langverse/lic/code_implementer-1779486466312/repo/scripts/compiler-studio-plan-gates.sh
[sdk] ✗ tool
[sdk] thinking…
[sdk] ▶ tool
[sdk] ✓ read /home/s4il0r/Documents/Cursor/li-langverse/li-cursor-agents/data/workspaces/li-langverse/lic/code_implementer-1779486466312/repo/li-tests/math_linalg/golden_tier1_dot8.li
[sdk] ✗ tool
[sdk] ▶ tool
[sdk] ✓ grep /home/s4il0r/Documents/Cursor/li-langverse/li-cursor-agents/data/workspaces/li-langverse/lic/code_implementer-1779486466312/repo/benchmarks/harness/bench.py
[sdk] ✗ tool
[sdk] ▶ tool
[sdk] ✓ shell cd /home/s4il0r/Documents/Cursor/li-langverse/li-cursor-agents/data/workspaces/l
[sdk] ✗ tool
[sdk] thinking…
[sdk] ▶ tool
[sdk] ✓ shell cd /home/s4il0r/Documents/Cursor/li-langverse/li-cursor-agents/data/workspaces/l
[sdk] ✗ tool
[sdk] ▶ tool
[sdk] ✓ read /home/s4il0r/Documents/Cursor/li-langverse/li-cursor-agents/data/workspaces/li-langverse/lic/code_implementer-1779486466312/repo/benchmarks/harness/bench.py
[sdk] ✗ tool
[sdk] ▶ tool
[sdk] ✓ read /home/s4il0r/Documents/Cursor/li-langverse/li-cursor-agents/data/workspaces/li-langverse/lic/code_implementer-1779486466312/repo/benchmarks/tier1_micro/matmul_blocked/li/main.li
[sdk] ✗ tool
[sdk] thinking…
[sdk] ▶ tool
[sdk] ✓ shell cd /home/s4il0r/Documents/Cursor/li-langverse/li-cursor-agents/data/workspaces/l
[sdk] ✗ tool
[sdk] ▶ tool
[sdk] ✓ grep /home/s4il0r/Documents/Cursor/li-langverse/li-cursor-agents/data/workspaces/li-langverse/lic/code_implementer-1779486466312/repo
[sdk] ✗ tool
[sdk] ▶ tool
[sdk] ✓ read /home/s4il0r/Documents/Cursor/li-langverse/li-cursor-agents/data/workspaces/li-langverse/lic/code_implementer-1779486466312/repo/li-tests/math_linalg/dot_float_arrays.li
[sdk] ✗ tool
[sdk] thinking…
[sdk] ▶ tool
[sdk] ✓ read /home/s4il0r/Documents/Cursor/li-langverse/li-cursor-agents/data/workspaces/li-langverse/lic/code_implementer-1779486466312/repo/benchmarks/tier1_micro/reduce_sum/li/main.li
[sdk] ✗ tool
[sdk] ▶ tool
[sdk] ✓ shell cd /home/s4il0r/Documents/Cursor/li-langverse/li-cursor-agents/data/workspaces/l
[sdk] ✗ tool
[sdk] ▶ tool
[sdk] ✓ glob
[sdk] ✗ tool
[sdk] thinking…
[sdk] ▶ tool
[sdk] ✓ grep /home/s4il0r/Documents/Cursor/li-langverse/li-cursor-agents/data/workspaces/li-langverse/lic/code_implementer-1779486466312/repo
[sdk] ✗ tool
[sdk] ▶ tool
[sdk] ✓ read /home/s4il0r/Documents/Cursor/li-langverse/li-cursor-agents/data/workspaces/li-langverse/lic/code_implementer-1779486466312/repo/docs/release-notes/2026-05-22-wave-a-7e-matmul-pure.md
[sdk] ✗ tool
[sdk] ▶ tool
[sdk] ✓ shell cd /home/s4il0r/Documents/Cursor/li-langverse/li-cursor-agents/data/workspaces/l
[sdk] ✗ tool
[sdk] thinking…
[sdk] assistant reply
[sdk] ▶ tool
[sdk] ✓ edit /home/s4il0r/Documents/Cursor/li-langverse/li-cursor-agents/data/workspaces/li-langverse/lic/code_implementer-1779486466312/repo/benchmarks/tier1_micro/simd_dot/li/main.li
[sdk] ✗ tool
[sdk] ▶ tool
[sdk] ✓ edit /home/s4il0r/Documents/Cursor/li-langverse/li-cursor-agents/data/workspaces/li-langverse/lic/code_implementer-1779486466312/repo/benchmarks/harness/bench.py
[sdk] ✗ tool
[sdk] ▶ tool
[sdk] ✓ edit /home/s4il0r/Documents/Cursor/li-langverse/li-cursor-agents/data/workspaces/li-langverse/lic/code_implementer-1779486466312/repo/docs/superpowers/plans/2026-05-22-compiler-studio-plan-loop.md
[sdk] ✗ tool
[sdk] ▶ tool
[sdk] ✓ shell cd /home/s4il0r/Documents/Cursor/li-langverse/li-cursor-agents/data/workspaces/l
[sdk] ✗ tool
[sdk] ▶ tool
[sdk] ✓ shell cd /home/s4il0r/Documents/Cursor/li-langverse/li-cursor-agents/data/workspaces/l
[sdk] ✗ tool
[sdk] thinking…
[sdk] assistant reply
[sdk] ▶ tool
[sdk] ✓ edit /home/s4il0r/Documents/Cursor/li-langverse/li-cursor-agents/data/workspaces/li-langverse/lic/code_implementer-1779486466312/repo/benchmarks/tier1_micro/simd_dot/li/main.li
[sdk] ✗ tool
[sdk] thinking…
[sdk] ▶ tool
[sdk] ✓ shell cd /home/s4il0r/Documents/Cursor/li-langverse/li-cursor-agents/data/workspaces/l
[sdk] ✗ tool
[sdk] thinking…
[sdk] assistant reply
[sdk] ▶ tool
[sdk] ✓ edit /home/s4il0r/Documents/Cursor/li-langverse/li-cursor-agents/data/workspaces/li-langverse/lic/code_implementer-1779486466312/repo/benchmarks/tier1_micro/simd_dot/li/main.li
[sdk] ✗ tool
[sdk] ▶ tool
[sdk] ✓ shell cd /home/s4il0r/Documents/Cursor/li-langverse/li-cursor-agents/data/workspaces/l
[sdk] ✗ tool
[sdk] ▶ tool
[sdk] ✓ shell cd /home/s4il0r/Documents/Cursor/li-langverse/li-cursor-agents/data/workspaces/l
[sdk] ✗ tool
[sdk] ▶ tool
[sdk] ✓ shell cd /home/s4il0r/Documents/Cursor/li-langverse/li-cursor-agents/data/workspaces/l
[sdk] ✗ tool
[sdk] ▶ tool
[sdk] ✓ read /home/s4il0r/.cursor/projects/home-s4il0r-Documents-Cursor-li-langverse-li-cursor-agents-data-workspaces-li-langverse-lic-code-implementer-1779486466312-repo/terminals/739536.txt
[sdk] ✗ tool
[sdk] thinking…
[sdk] ▶ tool
[sdk] ✓ shell cd /home/s4il0r/Documents/Cursor/li-langverse/li-cursor-agents/data/workspaces/l
[sdk] ✗ tool
[sdk] thinking…
[sdk] ▶ tool
[sdk] ✓ grep /home/s4il0r/Documents/Cursor/li-langverse/li-cursor-agents/data/workspaces/li-langverse/lic/code_implementer-1779486466312/repo
[sdk] ✗ tool
[sdk] ▶ tool
[sdk] ✓ read /home/s4il0r/Documents/Cursor/li-langverse/li-cursor-agents/data/workspaces/li-langverse/lic/code_implementer-1779486466312/repo/docs/release-notes/2026-05-21-7ed-simd-dot-codegen.md
[sdk] ✗ tool
[sdk] thinking…
[sdk] ▶ tool
[sdk] ✓ read /home/s4il0r/Documents/Cursor/li-langverse/li-cursor-agents/data/workspaces/li-langverse/lic/code_implementer-1779486466312/repo/runtime/li_rt.c
[sdk] ✗ tool
[sdk] ▶ tool
[sdk] ✓ shell cd /home/s4il0r/Documents/Cursor/li-langverse/li-cursor-agents/data/workspaces/l
[sdk] ✗ tool
[sdk] thinking…
[sdk] ▶ tool
[sdk] ✓ grep /home/s4il0r/Documents/Cursor/li-langverse/li-cursor-agents/data/workspaces/li-langverse/lic/code_implementer-1779486466312/repo
[sdk] ✗ tool
[sdk] ▶ tool
[sdk] ✓ read /home/s4il0r/Documents/Cursor/li-langverse/li-cursor-agents/data/workspaces/li-langverse/lic/code_implementer-1779486466312/repo/benchmarks/tier1_micro/horner_pure_li/common/horner_core.c
[sdk] ✗ tool
[sdk] thinking…
[sdk] assistant reply
[sdk] ▶ tool
[sdk] ✓ edit /home/s4il0r/Documents/Cursor/li-langverse/li-cursor-agents/data/workspaces/li-langverse/lic/code_implementer-1779486466312/repo/benchmarks/tier1_micro/simd_dot/li/main.li
[sdk] ✗ tool
[sdk] ▶ tool
[sdk] ✓ shell cd /home/s4il0r/Documents/Cursor/li-langverse/li-cursor-agents/data/workspaces/l
[sdk] ✗ tool
[sdk] ▶ tool
[sdk] ✓ shell cd /home/s4il0r/Documents/Cursor/li-langverse/li-cursor-agents/data/workspaces/l
[sdk] ✗ tool
[sdk] thinking…
[sdk] ▶ tool
[sdk] ✓ grep /home/s4il0r/Documents/Cursor/li-langverse/li-cursor-agents/data/workspaces/li-langverse/lic/code_implementer-1779486466312/repo
[sdk] ✗ tool
[sdk] ▶ tool
[sdk] ✓ grep /home/s4il0r/Documents/Cursor/li-langverse/li-cursor-agents/data/workspaces/li-langverse/lic/code_implementer-1779486466312/repo
[sdk] ✗ tool
[sdk] ▶ tool
[sdk] ✓ read /home/s4il0r/Documents/Cursor/li-langverse/li-cursor-agents/data/workspaces/li-langverse/lic/code_implementer-1779486466312/repo/examples/game_physics_smoke/main.li
[sdk] ✗ tool
[sdk] ▶ tool
[sdk] ✓ read /home/s4il0r/Documents/Cursor/li-langverse/li-cursor-agents/data/workspaces/li-langverse/lic/code_implementer-1779486466312/repo/benchmarks/tier1_micro/simd_dot/li/main.li
[sdk] ✗ tool
[sdk] thinking…
[sdk] ▶ tool
[sdk] ✓ edit /home/s4il0r/Documents/Cursor/li-langverse/li-cursor-agents/data/workspaces/li-langverse/lic/code_implementer-1779486466312/repo/benchmarks/tier1_micro/simd_dot/li/main.li
[sdk] ✗ tool
[sdk] thinking…
[sdk] ▶ tool
[sdk] ✓ edit /home/s4il0r/Documents/Cursor/li-langverse/li-cursor-agents/data/workspaces/li-langverse/lic/code_implementer-1779486466312/repo/benchmarks/tier1_micro/simd_dot/li/main.li
[sdk] ✗ tool
[sdk] ▶ tool
[sdk] ✓ shell cd /home/s4il0r/Documents/Cursor/li-langverse/li-cursor-agents/data/workspaces/l
[sdk] ✗ tool
[sdk] thinking…
[sdk] ▶ tool
[sdk] ✓ shell cd /home/s4il0r/Documents/Cursor/li-langverse/li-cursor-agents/data/workspaces/l
[sdk] ✗ tool
[sdk] thinking…
[sdk] ▶ tool
[sdk] ✓ shell cd /home/s4il0r/Documents/Cursor/li-langverse/li-cursor-agents/data/workspaces/l
[sdk] ✗ tool
[sdk] thinking…
[sdk] ▶ tool
[sdk] ✓ shell cd /home/s4il0r/Documents/Cursor/li-langverse/li-cursor-agents/data/workspaces/l
[sdk] ✗ tool
[sdk] ▶ tool
[sdk] ✓ grep /home/s4il0r/Documents/Cursor/li-langverse/li-cursor-agents/data/workspaces/li-langverse/lic/code_implementer-1779486466312/repo/runtime
[sdk] ✗ tool
[sdk] thinking…
[sdk] ▶ tool
[sdk] ▶ tool
[sdk] ✓ grep /home/s4il0r/Documents/Cursor/li-langverse/li-cursor-agents/data/workspaces/li-langverse/lic/code_implementer-1779486466312/repo/compiler
[sdk] ✗ tool
[sdk] ✓ shell cd /home/s4il0r/Documents/Cursor/li-langverse/li-cursor-agents/data/workspaces/l
[sdk] ✗ tool
[sdk] thinking…
[sdk] ▶ tool
[sdk] ✓ grep /home/s4il0r/Documents/Cursor/li-langverse/li-cursor-agents/data/workspaces/li-langverse/lic/code_implementer-1779486466312/repo/compiler/mir
[sdk] ✗ tool
[sdk] ▶ tool
[sdk] ▶ tool
[sdk] ✓ grep /home/s4il0r/Documents/Cursor/li-langverse/li-cursor-agents/data/workspaces/li-langverse/lic/code_implementer-1779486466312/repo/compiler
[sdk] ✗ tool
[sdk] ▶ tool
[sdk] ✓ read /home/s4il0r/Documents/Cursor/li-langverse/li-cursor-agents/data/workspaces/li-langverse/lic/code_implementer-1779486466312/repo/benchmarks/tier1_micro/horner_pure_li/li/main.li
[sdk] ✗ tool
[sdk] thinking…
[sdk] ▶ tool
[sdk] ✓ shell cd /home/s4il0r/Documents/Cursor/li-langverse/li-cursor-agents/data/workspaces/l
[sdk] ✗ tool
[sdk] thinking…
[sdk] ▶ tool
[sdk] ✓ grep /home/s4il0r/Documents/Cursor/li-langverse/li-cursor-agents/data/workspaces/li-langverse/lic/code_implementer-1779486466312/repo
[sdk] ✗ tool
[sdk] ▶ tool
[sdk] ✓ read /home/s4il0r/Documents/Cursor/li-langverse/li-cursor-agents/data/workspaces/li-langverse/lic/code_implementer-1779486466312/repo/compiler/codegen/emit.cpp
[sdk] ✗ tool
[sdk] thinking…
[sdk] assistant reply
[sdk] ▶ tool
[sdk] ✓ read /home/s4il0r/Documents/Cursor/li-langverse/li-cursor-agents/data/workspaces/li-langverse/lic/code_implementer-1779486466312/repo/runtime/li_rt.h
[sdk] ✗ tool
[sdk] thinking…
[sdk] ▶ tool
[sdk] ✓ edit /home/s4il0r/Documents/Cursor/li-langverse/li-cursor-agents/data/workspaces/li-langverse/lic/code_implementer-1779486466312/repo/runtime/li_rt.h
[sdk] ✗ tool
[sdk] ▶ tool
[sdk] ✓ edit /home/s4il0r/Documents/Cursor/li-langverse/li-cursor-agents/data/workspaces/li-langverse/lic/code_implementer-1779486466312/repo/runtime/li_rt.c
[sdk] ✗ tool
[sdk] ▶ tool
[sdk] ✓ edit /home/s4il0r/Documents/Cursor/li-langverse/li-cursor-agents/data/workspaces/li-langverse/lic/code_implementer-1779486466312/repo/compiler/codegen/emit.cpp
[sdk] ✗ tool
[sdk] thinking…
[sdk] ▶ tool
[sdk] ✓ edit /home/s4il0r/Documents/Cursor/li-langverse/li-cursor-agents/data/workspaces/li-langverse/lic/code_implementer-1779486466312/repo/benchmarks/tier1_micro/simd_dot/li/main.li
[sdk] ✗ tool
[sdk] ▶ tool
[sdk] ✓ shell cd /home/s4il0r/Documents/Cursor/li-langverse/li-cursor-agents/data/workspaces/l
[sdk] ✗ tool
[sdk] ▶ tool
[sdk] ✓ shell cd /home/s4il0r/Documents/Cursor/li-langverse/li-cursor-agents/data/workspaces/l
[sdk] ✗ tool
[sdk] thinking…
[sdk] ▶ tool
[sdk] ✓ grep /home/s4il0r/Documents/Cursor/li-langverse/li-cursor-agents/data/workspaces/li-langverse/lic/code_implementer-1779486466312/repo/compiler/types
[sdk] ✗ tool
[sdk] ▶ tool
[sdk] ✓ edit /home/s4il0r/Documents/Cursor/li-langverse/li-cursor-agents/data/workspaces/li-langverse/lic/code_implementer-1779486466312/repo/benchmarks/tier1_micro/simd_dot/li/main.li
[sdk] ✗ tool
[sdk] ▶ tool
[sdk] ✓ edit /home/s4il0r/Documents/Cursor/li-langverse/li-cursor-agents/data/workspaces/li-langverse/lic/code_implementer-1779486466312/repo/benchmarks/tier1_micro/simd_dot/li/main.li
[sdk] ✗ tool
[sdk] ▶ tool
[sdk] ✓ shell cd /home/s4il0r/Documents/Cursor/li-langverse/li-cursor-agents/data/workspaces/l
[sdk] ✗ tool
[sdk] thinking…
[sdk] ▶ tool
[sdk] ✓ shell cd /home/s4il0r/Documents/Cursor/li-langverse/li-cursor-agents/data/workspaces/l
[sdk] ✗ tool
[sdk] thinking…
[sdk] ▶ tool
[sdk] ✓ shell cd /home/s4il0r/Documents/Cursor/li-langverse/li-cursor-agents/data/workspaces/l
[sdk] ✗ tool
[sdk] thinking…
[sdk] ▶ tool
[sdk] ✓ shell cd /home/s4il0r/Documents/Cursor/li-langverse/li-cursor-agents/data/workspaces/l
[sdk] ✗ tool
[sdk] ▶ tool
[sdk] ✓ grep /home/s4il0r/Documents/Cursor/li-langverse/li-cursor-agents/data/workspaces/li-langverse/lic/code_implementer-1779486466312/repo/compiler/codegen/emit.cpp
[sdk] ✗ tool
[sdk] ▶ tool
[sdk] ✓ read /home/s4il0r/Documents/Cursor/li-langverse/li-cursor-agents/data/workspaces/li-langverse/lic/code_implementer-1779486466312/repo/compiler/codegen/emit.cpp
[sdk] ✗ tool
[sdk] thinking…
[sdk] ▶ tool
[sdk] ✓ shell cd /home/s4il0r/Documents/Cursor/li-langverse/li-cursor-agents/data/workspaces/l
[sdk] ✗ tool
[sdk] thinking…
[sdk] ▶ tool
[sdk] ✓ edit /home/s4il0r/Documents/Cursor/li-langverse/li-cursor-agents/data/workspaces/li-langverse/lic/code_implementer-1779486466312/repo/benchmarks/tier1_micro/simd_dot/li/main.li
[sdk] ✗ tool
[sdk] ▶ tool
[sdk] ✓ shell cd /home/s4il0r/Documents/Cursor/li-langverse/li-cursor-agents/data/workspaces/l
[sdk] ✗ tool
[sdk] thinking…
[sdk] ▶ tool
[sdk] ✓ edit /home/s4il0r/Documents/Cursor/li-langverse/li-cursor-agents/data/workspaces/li-langverse/lic/code_implementer-1779486466312/repo/benchmarks/tier1_micro/simd_dot/li/main.li
[sdk] ✗ tool
[sdk] thinking…
[sdk] ▶ tool
[sdk] ✓ shell cd /home/s4il0r/Documents/Cursor/li-langverse/li-cursor-agents/data/workspaces/l
[sdk] ✗ tool
[sdk] thinking…
[sdk] ▶ tool
[sdk] ✓ edit /home/s4il0r/Documents/Cursor/li-langverse/li-cursor-agents/data/workspaces/li-langverse/lic/code_implementer-1779486466312/repo/benchmarks/tier1_micro/simd_dot/li/main.li
[sdk] ✗ tool
[sdk] ▶ tool
[sdk] ✓ shell cd /home/s4il0r/Documents/Cursor/li-langverse/li-cursor-agents/data/workspaces/l
[sdk] ✗ tool
[sdk] thinking…
[sdk] ▶ tool
[sdk] ✓ shell cd /home/s4il0r/Documents/Cursor/li-langverse/li-cursor-agents/data/workspaces/l
[sdk] ✗ tool
[sdk] ▶ tool
[sdk] ✓ shell cd /home/s4il0r/Documents/Cursor/li-langverse/li-cursor-agents/data/workspaces/l
[sdk] ✗ tool
[sdk] thinking…
[sdk] ▶ tool
[sdk] ✓ shell cd /home/s4il0r/Documents/Cursor/li-langverse/li-cursor-agents/data/workspaces/l
[sdk] ✗ tool
[sdk] thinking…
[sdk] ▶ tool
[sdk] ▶ tool
[sdk] ✓ grep /home/s4il0r/Documents/Cursor/li-langverse/li-cursor-agents/data/workspaces/li-langverse/lic/code_implementer-1779486466312/repo/compiler/mir/lower.cpp
[sdk] ✗ tool
[sdk] ✓ shell cd /home/s4il0r/Documents/Cursor/li-langverse/li-cursor-agents/data/workspaces/l
[sdk] ✗ tool
[sdk] thinking…
[sdk] ▶ tool
[sdk] ✓ read /home/s4il0r/Documents/Cursor/li-langverse/li-cursor-agents/data/workspaces/li-langverse/lic/code_implementer-1779486466312/repo/benchmarks/tier1_micro/simd_dot/li/main.li
[sdk] ✗ tool
[sdk] thinking…
[sdk] ▶ tool
[sdk] ✓ shell cd /home/s4il0r/Documents/Cursor/li-langverse/li-cursor-agents/data/workspaces/l
[sdk] ✗ tool
[sdk] ▶ tool
[sdk] ✓ shell cd /home/s4il0r/Documents/Cursor/li-langverse/li-cursor-agents/data/workspaces/l
[sdk] ✗ tool
[sdk] thinking…
[sdk] ▶ tool
[sdk] ✓ edit /home/s4il0r/Documents/Cursor/li-langverse/li-cursor-agents/data/workspaces/li-langverse/lic/code_implementer-1779486466312/repo/benchmarks/tier1_micro/simd_dot/li/main.li
[sdk] ✗ tool
[sdk] ▶ tool
[sdk] ✓ shell cd /home/s4il0r/Documents/Cursor/li-langverse/li-cursor-agents/data/workspaces/l
[sdk] ✗ tool
[sdk] thinking…
[sdk] ▶ tool
[sdk] ✓ shell cd /home/s4il0r/Documents/Cursor/li-langverse/li-cursor-agents/data/workspaces/l
[sdk] ✗ tool
[sdk] thinking…
[sdk] ▶ tool
[sdk] ✓ shell cd /home/s4il0r/Documents/Cursor/li-langverse/li-cursor-agents/data/workspaces/l
[sdk] ✗ tool
[sdk] thinking…
[sdk] ▶ tool
[sdk] ✓ shell cd /home/s4il0r/Documents/Cursor/li-langverse/li-cursor-agents/data/workspaces/l
[sdk] ✗ tool
[sdk] thinking…
[sdk] ▶ tool
[sdk] ✓ shell cd /home/s4il0r/Documents/Cursor/li-langverse/li-cursor-agents/data/workspaces/l
[sdk] ✗ tool
[sdk] ▶ tool
[sdk] ✓ shell cd /home/s4il0r/Documents/Cursor/li-langverse/li-cursor-agents/data/workspaces/l
[sdk] ✗ tool
[sdk] thinking…
[sdk] ▶ tool
[sdk] ✓ shell cd /home/s4il0r/Documents/Cursor/li-langverse/li-cursor-agents/data/workspaces/l
[sdk] ✗ tool
[sdk] thinking…
[sdk] assistant reply
[sdk] ▶ tool
[sdk] ✓ edit /home/s4il0r/Documents/Cursor/li-langverse/li-cursor-agents/data/workspaces/li-langverse/lic/code_implementer-1779486466312/repo/benchmarks/tier1_micro/simd_dot/li/main.li
[sdk] ✗ tool
[sdk] thinking…
[sdk] ▶ tool
[sdk] ✓ grep /home/s4il0r/Documents/Cursor/li-langverse/li-cursor-agents/data/workspaces/li-langverse/lic/code_implementer-1779486466312/repo
[sdk] ✗ tool
[sdk] ▶ tool
[sdk] ✓ edit /home/s4il0r/Documents/Cursor/li-langverse/li-cursor-agents/data/workspaces/li-langverse/lic/code_implementer-1779486466312/repo/benchmarks/tier1_micro/simd_dot/li/main.li
[sdk] ✗ tool
[sdk] thinking…
[sdk] ▶ tool
[sdk] ✓ edit /home/s4il0r/Documents/Cursor/li-langverse/li-cursor-agents/data/workspaces/li-langverse/lic/code_implementer-1779486466312/repo/benchmarks/tier1_micro/simd_dot/li/main.li
[sdk] ✗ tool
[sdk] ▶ tool
agent timed out after 2700s — killed
