==> sim-plan-run-until-done 2026-05-24T11:47:02-04:00
    branch=cursor/sim-algo-plan-loop package=li-sim-scientific
    log=/home/s4il0r/Documents/Cursor/li-langverse/lic-worktrees/sim-algo/data/sim-plan-loop/runner-20260524-154702.log
==> remaining registry smokes: 83
backend: cursor-sdk agent: code_implementer
SDK tool activity streams to stderr ([sdk] ▶/✓ lines). Set LI_SDK_TERMINAL_STREAM=0 to disable.
2026-05-24T15:47:03.379Z [heartbeat] info: worker_status → Supabase: 1 active run(s) code_implementer
Error: sdk-session.lock: timeout waiting for cross-process slot (1/1 held; in-process=0)
    at acquireFileSlot (file:///home/s4il0r/Documents/Cursor/li-langverse/li-cursor-agents/dist/backends/sdk-session-lock.js:203:19)
    at async withGlobalSdkSessionLock (file:///home/s4il0r/Documents/Cursor/li-langverse/li-cursor-agents/dist/backends/sdk-session-lock.js:269:22)
    at async runAgentBody (file:///home/s4il0r/Documents/Cursor/li-langverse/li-cursor-agents/dist/runner.js:283:18)
    at async withRunAgentTracking (file:///home/s4il0r/Documents/Cursor/li-langverse/li-cursor-agents/dist/runner.js:59:24)
    at async main (file:///home/s4il0r/Documents/Cursor/li-langverse/li-cursor-agents/dist/cli/run-agent.js:106:20)
registry: 43/126 implemented_smoke

=== iteration 1: sim-p0-md-lj-li-parity ===
    Tier-2 Li md_lennard_jones checksum parity vs native (fix runtime sink / driver)
log=/home/s4il0r/Documents/Cursor/li-langverse/lic-worktrees/sim-algo/data/sim-plan-loop/iter-20260524-154703.log
gates: FAIL
s4il0r/Documents/Cursor/li-langverse/lic-worktrees/sim-algo/benchmarks/harness/bench.py", line 867, in main
    return run_verify_results(TIER2_BENCHES, label="tier-2", only=only)
  File "/home/s4il0r/Documents/Cursor/li-langverse/lic-worktrees/sim-algo/benchmarks/harness/bench.py", line 757, in run_verify_results
    verify_md_refs()
    ~~~~~~~~~~~~~~^^
  File "/home/s4il0r/Documents/Cursor/li-langverse/lic-worktrees/sim-algo/benchmarks/harness/bench.py", line 571, in verify_md_refs
    build_native(md, native_a)
    ~~~~~~~~~~~~^^^^^^^^^^^^^^
  File "/home/s4il0r/Documents/Cursor/li-langverse/lic-worktrees/sim-algo/benchmarks/harness/bench.py", line 386, in build_native
    subprocess.check_call(
    ~~~~~~~~~~~~~~~~~~~~~^
        [cc, "-O3", "-march=native", "-ffast-math", str(main_c), str(core), "-lm", "-o", str(bin_path)],
        ^^^^^^^^^^^^^^^^^^^^^^^^^^^^^^^^^^^^^^^^^^^^^^^^^^^^^^^^^^^^^^^^^^^^^^^^^^^^^^^^^^^^^^^^^^^^^^^^
        cwd=REPO,
        ^^^^^^^^^
    )
    ^
  File "/usr/lib/python3.13/subprocess.py", line 414, in check_call
    retcode = call(*popenargs, **kwargs)
  File "/usr/lib/python3.13/subprocess.py", line 395, in call
    with Popen(*popenargs, **kwargs) as p:
         ~~~~~^^^^^^^^^^^^^^^^^^^^^^
  File "/usr/lib/python3.13/subprocess.py", line 1039, in __init__
    self._execute_child(args, executable, preexec_fn, close_fds,
    ~~~~~~~~~~~~~~~~~~~^^^^^^^^^^^^^^^^^^^^^^^^^^^^^^^^^^^^^^^^^
                        pass_fds, cwd, env,
                        ^^^^^^^^^^^^^^^^^^^
    ...<5 lines>...
                        gid, gids, uid, umask,
                        ^^^^^^^^^^^^^^^^^^^^^^
                        start_new_session, process_group)
                        ^^^^^^^^^^^^^^^^^^^^^^^^^^^^^^^^^
  File "/usr/lib/python3.13/subprocess.py", line 1972, in _execute_child
    raise child_exception_type(errno_num, err_msg, err_filename)
FileNotFoundError: [Errno 2] No such file or directory: 'clang'
sim-plan-gates: verify-results tier-2

sim-plan-write-snapshot: /home/s4il0r/Documents/Cursor/li-langverse/lic-worktrees/sim-algo/data/sim-plan-loop/daily-snapshot.json
sim-plan-refresh-canvas: /home/s4il0r/.cursor/projects/home-s4il0r-Documents-Cursor/canvases/sim-plan-daily-report.canvas.tsx
agent exit 1 — stopping
==> iteration failed (streak=1)
==> remaining registry smokes: 83
backend: cursor-sdk agent: code_implementer
SDK tool activity streams to stderr ([sdk] ▶/✓ lines). Set LI_SDK_TERMINAL_STREAM=0 to disable.
2026-05-24T16:01:15.670Z [heartbeat] info: worker_status → Supabase: 1 active run(s) code_implementer
Error: sdk-session.lock: timeout waiting for cross-process slot (1/1 held; in-process=0)
    at acquireFileSlot (file:///home/s4il0r/Documents/Cursor/li-langverse/li-cursor-agents/dist/backends/sdk-session-lock.js:203:19)
    at async withGlobalSdkSessionLock (file:///home/s4il0r/Documents/Cursor/li-langverse/li-cursor-agents/dist/backends/sdk-session-lock.js:269:22)
    at async runAgentBody (file:///home/s4il0r/Documents/Cursor/li-langverse/li-cursor-agents/dist/runner.js:283:18)
    at async withRunAgentTracking (file:///home/s4il0r/Documents/Cursor/li-langverse/li-cursor-agents/dist/runner.js:59:24)
    at async main (file:///home/s4il0r/Documents/Cursor/li-langverse/li-cursor-agents/dist/cli/run-agent.js:106:20)
