plan todos: 26 total, 10 completed in plan, 16 open

=== iteration 1: w0-lean-gate ===
    P0 blocker: 2e–2f VC+Lean on lic build — unlocks spec-first li-httpd
gates: FAIL (agent should fix first)
==> build lic
==> match_routes compile
lic: warning — LI_ALLOW_OPEN_VC is ignored; use --allow-open-vc on the command line
sh: 1: clang: not found
error: build failed: clang link failed

==> agent subprocess (live; also /home/s4il0r/Documents/Cursor/li-langverse/lic/data/httpd-plan-loop/iter-20260523-093012.log, timeout=2700s)
backend: cursor-sdk agent: code_implementer
SDK tool activity streams to stderr ([sdk] ▶/✓ lines). Set LI_SDK_TERMINAL_STREAM=0 to disable.
2026-05-23T09:30:12.065Z [heartbeat] info: worker_status → Supabase: 1 active run(s) code_implementer
[sdk] live stream on (agent=code_implementer cwd=/home/s4il0r/Documents/Cursor/li-langverse/li-cursor-agents/data/workspaces/li-langverse/lic/code_implementer-1779528666947/repo) — tool lines only; LI_SDK_TERMINAL_STREAM=0 to disable
[sdk] thinking…
[sdk] assistant reply
[sdk] ▶ tool
[sdk] ✓ read /home/s4il0r/Documents/Cursor/li-langverse/li-cursor-agents/data/workspaces/li-langverse/lic/code_implementer-1779528666947/repo/docs/superpowers/plans/2026-05-16-li-httpd-plan.md
[sdk] ✗ tool
[sdk] ▶ tool
[sdk] ✓ grep /home/s4il0r/Documents/Cursor/li-langverse/li-cursor-agents/data/workspaces/li-langverse/lic/code_implementer-1779528666947/repo
[sdk] ✗ tool
[sdk] ▶ tool
[sdk] ✓ shell cd /home/s4il0r/Documents/Cursor/li-langverse/li-cursor-agents/data/workspaces/l
[sdk] ✗ tool
[sdk] thinking…
[sdk] assistant reply
[sdk] ▶ tool
[sdk] ✓ read /home/s4il0r/Documents/Cursor/li-langverse/li-cursor-agents/data/workspaces/li-langverse/lic/code_implementer-1779528666947/repo/scripts/check-httpd-lean-gate.sh
[sdk] ✗ tool
[sdk] ▶ tool
[sdk] ▶ tool
[sdk] ✓ shell cd /home/s4il0r/Documents/Cursor/li-langverse/li-cursor-agents/data/workspaces/l
[sdk] ✗ tool
[sdk] ✓ shell cd /home/s4il0r/Documents/Cursor/li-langverse/li-cursor-agents/data/workspaces/l
[sdk] ✗ tool
[sdk] thinking…
[sdk] assistant reply
[sdk] ▶ tool
[sdk] ✓ read /home/s4il0r/Documents/Cursor/li-langverse/li-cursor-agents/data/workspaces/li-langverse/lic/code_implementer-1779528666947/repo/scripts/httpd-plan-gates.sh
[sdk] ✗ tool
[sdk] ▶ tool
[sdk] ▶ tool
[sdk] ✓ grep /home/s4il0r/Documents/Cursor/li-langverse/li-cursor-agents/data/workspaces/li-langverse/lic/code_implementer-1779528666947/repo/docs
[sdk] ✗ tool
[sdk] ✓ shell cd /home/s4il0r/Documents/Cursor/li-langverse/li-cursor-agents/data/workspaces/l
[sdk] ✗ tool
