[2026-05-23T05:19:26-04:00] httpd continuous supervisor start branch=cursor/httpd-plan-continue idle=1800s
Traceback (most recent call last):
  File "/home/s4il0r/Documents/Cursor/li-langverse/lic/scripts/httpd-plan-loop.py", line 389, in <module>
    raise SystemExit(main())
                     ~~~~^^
  File "/home/s4il0r/Documents/Cursor/li-langverse/lic/scripts/httpd-plan-loop.py", line 318, in main
    state = load_state()
  File "/home/s4il0r/Documents/Cursor/li-langverse/lic/scripts/httpd-plan-loop.py", line 282, in load_state
    return json.loads(STATE_FILE.read_text(encoding="utf-8"))
           ~~~~~~~~~~^^^^^^^^^^^^^^^^^^^^^^^^^^^^^^^^^^^^^^^^
  File "/usr/lib/python3.13/json/__init__.py", line 346, in loads
    return _default_decoder.decode(s)
           ~~~~~~~~~~~~~~~~~~~~~~~^^^
  File "/usr/lib/python3.13/json/decoder.py", line 345, in decode
    obj, end = self.raw_decode(s, idx=_w(s, 0).end())
               ~~~~~~~~~~~~~~~^^^^^^^^^^^^^^^^^^^^^^^
  File "/usr/lib/python3.13/json/decoder.py", line 361, in raw_decode
    obj, end = self.scan_once(s, idx)
               ~~~~~~~~~~~~~~^^^^^^^^
json.decoder.JSONDecodeError: Expecting ',' delimiter: line 39 column 1 (char 782)
[2026-05-23T05:19:26-04:00] idle — no open todos; sleeping 1800s
[2026-05-23T05:25:32-04:00] httpd continuous supervisor start branch=cursor/httpd-plan-continue idle=1800s
Traceback (most recent call last):
  File "/home/s4il0r/Documents/Cursor/li-langverse/lic/scripts/httpd-plan-loop.py", line 389, in <module>
    raise SystemExit(main())
                     ~~~~^^
  File "/home/s4il0r/Documents/Cursor/li-langverse/lic/scripts/httpd-plan-loop.py", line 318, in main
    state = load_state()
  File "/home/s4il0r/Documents/Cursor/li-langverse/lic/scripts/httpd-plan-loop.py", line 282, in load_state
    return json.loads(STATE_FILE.read_text(encoding="utf-8"))
           ~~~~~~~~~~^^^^^^^^^^^^^^^^^^^^^^^^^^^^^^^^^^^^^^^^
  File "/usr/lib/python3.13/json/__init__.py", line 346, in loads
    return _default_decoder.decode(s)
           ~~~~~~~~~~~~~~~~~~~~~~~^^^
  File "/usr/lib/python3.13/json/decoder.py", line 345, in decode
    obj, end = self.raw_decode(s, idx=_w(s, 0).end())
               ~~~~~~~~~~~~~~~^^^^^^^^^^^^^^^^^^^^^^^
  File "/usr/lib/python3.13/json/decoder.py", line 361, in raw_decode
    obj, end = self.scan_once(s, idx)
               ~~~~~~~~~~~~~~^^^^^^^^
json.decoder.JSONDecodeError: Expecting ',' delimiter: line 39 column 1 (char 782)
[2026-05-23T05:25:32-04:00] idle — no open todos; sleeping 1800s
[2026-05-23T05:30:10-04:00] httpd continuous supervisor start branch=cursor/httpd-plan-continue idle=1800s
open=1 next=w0-lean-gate
[2026-05-23T05:30:10-04:00] batch start → /home/s4il0r/Documents/Cursor/li-langverse/lic/data/httpd-plan-loop/batch-20260523-093010.log
