# cmd: node /home/s4il0r/Documents/Cursor/li-langverse/li-cursor-agents/dist/cli/run-agent.js --agent code_implementer --cwd /home/s4il0r/Documents/Cursor/li-langverse/lic --workflow-repo lic --goal-file /home/s4il0r/Documents/Cursor/li-langverse/lic/data/httpd-plan-loop/goal-20260522-132846.md --benchmarks /home/s4il0r/Documents/Cursor/li-langverse/benchmarks
# cwd: /home/s4il0r/Documents/Cursor/li-langverse/li-cursor-agents

backend: cursor-sdk agent: code_implementer
SDK tool activity streams to stderr ([sdk] ▶/✓ lines). Set LI_SDK_TERMINAL_STREAM=0 to disable.
2026-05-22T13:28:46.952Z [heartbeat] info: worker_status → Supabase: 1 active run(s) code_implementer
[sdk] live stream on (agent=code_implementer cwd=/home/s4il0r/Documents/Cursor/li-langverse/li-cursor-agents/data/workspaces/li-langverse/lic/code_implementer-1779456669806/repo) — tool lines only; LI_SDK_TERMINAL_STREAM=0 to disable
[sdk] thinking…
[sdk] assistant reply
[sdk] ▶ tool
[sdk] ▶ tool
[sdk] ▶ tool
[sdk] ✓ glob
[sdk] ✗ tool
[sdk] ✓ read /home/s4il0r/Documents/Cursor/li-langverse/li-cursor-agents/data/workspaces/li-langverse/lic/code_implementer-1779456669806/repo/docs/superpowers/plans/2026-05-16-li-httpd-plan.md
[sdk] ✗ tool
[sdk] ✓ shell cd /home/s4il0r/Documents/Cursor/li-langverse/li-cursor-agents/data/workspaces/l
[sdk] ✗ tool
[sdk] ▶ tool
[sdk] ✓ shell cd /home/s4il0r/Documents/Cursor/li-langverse/li-cursor-agents/data/workspaces/l
[sdk] ✗ tool
[sdk] ▶ tool
[sdk] ✓ read /home/s4il0r/Documents/Cursor/li-langverse/li-cursor-agents/data/workspaces/li-langverse/lic/code_implementer-1779456669806/repo/scripts/httpd-plan-gates.sh
[sdk] ✗ tool
[sdk] ▶ tool
[sdk] ✓ grep /home/s4il0r/Documents/Cursor/li-langverse/li-cursor-agents/data/workspaces/li-langverse/lic/code_implementer-1779456669806/repo
[sdk] ✗ tool
[sdk] ▶ tool
[sdk] ✓ shell cd /home/s4il0r/Documents/Cursor/li-langverse/li-cursor-agents/data/workspaces/l
[sdk] ✗ tool
[sdk] ▶ tool
(node:54588) MaxListenersExceededWarning: Possible EventTarget memory leak detected. 11 abort listeners added to [AbortSignal]. MaxListeners is 10. Use events.setMaxListeners() to increase limit
(Use `node --trace-warnings ...` to show where the warning was created)
[sdk] ✓ read /home/s4il0r/Documents/Cursor/li-langverse/li-cursor-agents/data/workspaces/li-langverse/lic/code_implementer-1779456669806/repo/scripts/validate-httpd-config.py
[sdk] ✗ tool
[sdk] ▶ tool
[sdk] ✓ read /home/s4il0r/Documents/Cursor/li-langverse/li-cursor-agents/data/workspaces/li-langverse/lic/code_implementer-1779456669806/repo/docs/ecosystem/httpd-m1-baseline.md
[sdk] ✗ tool
