==> httpd-plan-overnight start 2026-05-22T17:01:40+00:00
    branch=cursor/httpd-plan-continue max=4 log=/home/s4il0r/Documents/Cursor/li-langverse/lic/data/httpd-plan-loop/overnight-20260522-170140.log
    agents=/home/s4il0r/Documents/Cursor/li-langverse/lic/../li-cursor-agents benchmarks=/home/s4il0r/Documents/Cursor/li-langverse/lic/../benchmarks
cursor/httpd-plan-continue
plan todos: 26 total, 10 completed in plan, 16 open

=== iteration 1: m15-agent ===
    M1.5: SSE streaming, stream timeouts, model routing, cancel on disconnect, OTel headers
gates: OK
==> agent subprocess (live; also /home/s4il0r/Documents/Cursor/li-langverse/lic/data/httpd-plan-loop/iter-20260522-170140.log, timeout=2700s)
backend: cursor-sdk agent: code_implementer
SDK tool activity streams to stderr ([sdk] ▶/✓ lines). Set LI_SDK_TERMINAL_STREAM=0 to disable.
2026-05-22T17:01:40.493Z [heartbeat] info: worker_status → Supabase: 1 active run(s) code_implementer
[sdk] live stream on (agent=code_implementer cwd=/home/s4il0r/Documents/Cursor/li-langverse/li-cursor-agents/data/workspaces/li-langverse/lic/code_implementer-1779469365033/repo) — tool lines only; LI_SDK_TERMINAL_STREAM=0 to disable
[sdk] thinking…
[sdk] assistant reply
[sdk] ▶ tool
[sdk] ✓ read /home/s4il0r/Documents/Cursor/li-langverse/li-cursor-agents/data/workspaces/li-langverse/lic/code_implementer-1779469365033/repo/docs/superpowers/plans/2026-05-16-li-httpd-plan.md
[sdk] ✗ tool
[sdk] ▶ tool
[sdk] ✓ grep /home/s4il0r/Documents/Cursor/li-langverse/li-cursor-agents/data/workspaces/li-langverse/lic/code_implementer-1779469365033/repo
[sdk] ✗ tool
[sdk] ▶ tool
[sdk] ✓ shell cd /home/s4il0r/Documents/Cursor/li-langverse/li-cursor-agents/data/workspaces/l
[sdk] ✗ tool
[sdk] ▶ tool
[sdk] ✓ grep /home/s4il0r/Documents/Cursor/li-langverse/li-cursor-agents/data/workspaces/li-langverse/lic/code_implementer-1779469365033/repo/docs/superpowers/plans/2026-05-16-li-httpd-plan.md
[sdk] ✗ tool
[sdk] ▶ tool
[sdk] ✓ grep /home/s4il0r/Documents/Cursor/li-langverse/li-cursor-agents/data/workspaces/li-langverse/lic/code_implementer-1779469365033/repo
[sdk] ✗ tool
[sdk] ▶ tool
[sdk] ✓ read /home/s4il0r/Documents/Cursor/li-langverse/li-cursor-agents/data/workspaces/li-langverse/lic/code_implementer-1779469365033/repo/scripts/httpd-plan-gates.sh
[sdk] ✗ tool
[sdk] ▶ tool
[sdk] ✓ grep /home/s4il0r/Documents/Cursor/li-langverse/li-cursor-agents/data/workspaces/li-langverse/lic/code_implementer-1779469365033/repo
[sdk] ✗ tool
[sdk] ▶ tool
[sdk] ✓ glob
[sdk] ✗ tool
[sdk] ▶ tool
[sdk] ✓ glob
[sdk] ✗ tool
[sdk] thinking…
[sdk] ▶ tool
[sdk] ✓ read /home/s4il0r/Documents/Cursor/li-langverse/li-cursor-agents/data/workspaces/li-langverse/lic/code_implementer-1779469365033/repo/runtime/li_rt_httpd.c
[sdk] ✗ tool
[sdk] ▶ tool
[sdk] ✓ grep /home/s4il0r/Documents/Cursor/li-langverse/li-cursor-agents/data/workspaces/li-langverse/lic/code_implementer-1779469365033/repo/runtime
[sdk] ✗ tool
[sdk] ▶ tool
[sdk] ✓ grep /home/s4il0r/Documents/Cursor/li-langverse/li-cursor-agents/data/workspaces/li-langverse/lic/code_implementer-1779469365033/repo/packages
[sdk] ✗ tool
[sdk] thinking…
[sdk] ▶ tool
[sdk] ▶ tool
[sdk] ✓ grep /home/s4il0r/Documents/Cursor/li-langverse/li-cursor-agents/data/workspaces/li-langverse/lic/code_implementer-1779469365033/repo
[sdk] ✗ tool
[sdk] ✓ glob
[sdk] ✗ tool
[sdk] ▶ tool
[sdk] ✓ glob
[sdk] ✗ tool
[sdk] ▶ tool
[sdk] ✓ read /home/s4il0r/Documents/Cursor/li-langverse/li-cursor-agents/data/workspaces/li-langverse/lic/code_implementer-1779469365033/repo/scripts/httpd-plan-loop.py
[sdk] ✗ tool
[sdk] thinking…
[sdk] ▶ tool
[sdk] ✓ grep /home/s4il0r/Documents/Cursor/li-langverse/li-cursor-agents/data/workspaces/li-langverse/lic/code_implementer-1779469365033/repo/runtime/li_rt_net.c
[sdk] ✗ tool
[sdk] ▶ tool
[sdk] ✓ glob
[sdk] ✗ tool
[sdk] ▶ tool
[sdk] ✓ glob
[sdk] ✗ tool
[sdk] ▶ tool
[sdk] ✓ read /home/s4il0r/Documents/Cursor/li-langverse/li-cursor-agents/data/workspaces/li-langverse/lic/code_implementer-1779469365033/repo/docs/superpowers/plans/2026-05-16-li-httpd-plan.md
[sdk] ✗ tool
[sdk] thinking…
[sdk] ▶ tool
[sdk] ✓ read /home/s4il0r/Documents/Cursor/li-langverse/li-cursor-agents/data/workspaces/li-langverse/lic/code_implementer-1779469365033/repo/scripts/httpd_config.py
[sdk] ✗ tool
[sdk] ▶ tool
[sdk] ✓ read /home/s4il0r/Documents/Cursor/li-langverse/li-cursor-agents/data/workspaces/li-langverse/lic/code_implementer-1779469365033/repo/scripts/httpd_match.py
[sdk] ✗ tool
[sdk] ▶ tool
[sdk] ✓ grep /home/s4il0r/Documents/Cursor/li-langverse/li-cursor-agents/data/workspaces/li-langverse/lic/code_implementer-1779469365033/repo/packages/li-http
[sdk] ✗ tool
[sdk] thinking…
[sdk] ▶ tool
[sdk] ✓ read /home/s4il0r/Documents/Cursor/li-langverse/li-cursor-agents/data/workspaces/li-langverse/lic/code_implementer-1779469365033/repo/scripts/validate-httpd-config.py
[sdk] ✗ tool
[sdk] ▶ tool
[sdk] ✓ glob
[sdk] ✗ tool
[sdk] ▶ tool
[sdk] ✓ grep /home/s4il0r/Documents/Cursor/li-langverse/li-cursor-agents/data/workspaces/li-langverse/lic/code_implementer-1779469365033/repo/runtime/li_rt_net.c
[sdk] ✗ tool
[sdk] ▶ tool
[sdk] ✓ shell cd /home/s4il0r/Documents/Cursor/li-langverse/li-cursor-agents/data/workspaces/l
[sdk] ✗ tool
[sdk] thinking…
[sdk] ▶ tool
[sdk] ✓ grep /home/s4il0r/Documents/Cursor/li-langverse/li-cursor-agents/data/workspaces/li-langverse/lic/code_implementer-1779469365033/repo
[sdk] ✗ tool
[sdk] ▶ tool
[sdk] ✓ read /home/s4il0r/Documents/Cursor/li-langverse/li-cursor-agents/data/workspaces/li-langverse/lic/code_implementer-1779469365033/repo/packages/li-net-httpd/examples/agent_gateway_limits.toml
[sdk] ✗ tool
[sdk] ▶ tool
[sdk] ✓ read /home/s4il0r/Documents/Cursor/li-langverse/li-cursor-agents/data/workspaces/li-langverse/lic/code_implementer-1779469365033/repo/li-tests/run_httpd_config.sh
[sdk] ✗ tool
[sdk] thinking…
[sdk] ▶ tool
[sdk] ✓ glob
[sdk] ✗ tool
[sdk] ▶ tool
[sdk] ✓ read /home/s4il0r/Documents/Cursor/li-langverse/li-cursor-agents/data/workspaces/li-langverse/lic/code_implementer-1779469365033/repo/runtime/li_rt_net.c
[sdk] ✗ tool
[sdk] ▶ tool
[sdk] ✓ read /home/s4il0r/Documents/Cursor/li-langverse/li-cursor-agents/data/workspaces/li-langverse/lic/code_implementer-1779469365033/repo/runtime/li_rt_net.c
[sdk] ✗ tool
[sdk] ▶ tool
[sdk] ✓ read /home/s4il0r/Documents/Cursor/li-langverse/li-cursor-agents/data/workspaces/li-langverse/lic/code_implementer-1779469365033/repo/runtime/li_rt_net.c
[sdk] ✗ tool
[sdk] thinking…
[sdk] ▶ tool
[sdk] ✓ grep /home/s4il0r/Documents/Cursor/li-langverse/li-cursor-agents/data/workspaces/li-langverse/lic/code_implementer-1779469365033/repo/runtime/li_rt_net.c
[sdk] ✗ tool
[sdk] ▶ tool
[sdk] ✓ read /home/s4il0r/Documents/Cursor/li-langverse/li-cursor-agents/data/workspaces/li-langverse/lic/code_implementer-1779469365033/repo/li-tests/config_desugar/good/route_patterns.toml
[sdk] ✗ tool
[sdk] ▶ tool
[sdk] ✓ read /home/s4il0r/Documents/Cursor/li-langverse/li-cursor-agents/data/workspaces/li-langverse/lic/code_implementer-1779469365033/repo/li-tests/run_routing.sh
[sdk] ✗ tool
[sdk] ▶ tool
[sdk] ✓ read /home/s4il0r/Documents/Cursor/li-langverse/li-cursor-agents/data/workspaces/li-langverse/lic/code_implementer-1779469365033/repo/runtime/li_rt_net.c
[sdk] ✗ tool
[sdk] ▶ tool
[sdk] ✓ read /home/s4il0r/Documents/Cursor/li-langverse/li-cursor-agents/data/workspaces/li-langverse/lic/code_implementer-1779469365033/repo/runtime/li_rt_net.c
[sdk] ✗ tool
[sdk] ▶ tool
[sdk] ✓ glob
[sdk] ✗ tool
[sdk] thinking…
[sdk] ▶ tool
[sdk] ✓ read /home/s4il0r/Documents/Cursor/li-langverse/li-cursor-agents/data/workspaces/li-langverse/lic/code_implementer-1779469365033/repo/scripts/flatten-httpd-config.py
[sdk] ✗ tool
[sdk] ▶ tool
[sdk] ✓ grep /home/s4il0r/Documents/Cursor/li-langverse/li-cursor-agents/data/workspaces/li-langverse/lic/code_implementer-1779469365033/repo/scripts
[sdk] ✗ tool
[sdk] ▶ tool
[sdk] ✓ grep /home/s4il0r/Documents/Cursor/li-langverse/li-cursor-agents/data/workspaces/li-langverse/lic/code_implementer-1779469365033/repo/runtime/li_rt_net.c
[sdk] ✗ tool
[sdk] thinking…
[sdk] ▶ tool
[sdk] ✓ grep /home/s4il0r/Documents/Cursor/li-langverse/li-cursor-agents/data/workspaces/li-langverse/lic/code_implementer-1779469365033/repo/runtime/li_rt_net.c
[sdk] ✗ tool
[sdk] ▶ tool
[sdk] ✓ read /home/s4il0r/Documents/Cursor/li-langverse/li-cursor-agents/data/workspaces/li-langverse/lic/code_implementer-1779469365033/repo/runtime/li_rt_net.c
[sdk] ✗ tool
[sdk] ▶ tool
[sdk] ✓ read /home/s4il0r/Documents/Cursor/li-langverse/li-cursor-agents/data/workspaces/li-langverse/lic/code_implementer-1779469365033/repo/docs/superpowers/plans/2026-05-16-li-httpd-plan.md
[sdk] ✗ tool
[sdk] thinking…
[sdk] ▶ tool
[sdk] ✓ read /home/s4il0r/Documents/Cursor/li-langverse/li-cursor-agents/data/workspaces/li-langverse/lic/code_implementer-1779469365033/repo/runtime/li_rt_net.c
[sdk] ✗ tool
[sdk] ▶ tool
[sdk] ✓ read /home/s4il0r/Documents/Cursor/li-langverse/li-cursor-agents/data/workspaces/li-langverse/lic/code_implementer-1779469365033/repo/runtime/li_rt_net.c
[sdk] ✗ tool
[sdk] ▶ tool
[sdk] ✓ grep /home/s4il0r/Documents/Cursor/li-langverse/li-cursor-agents/data/workspaces/li-langverse/lic/code_implementer-1779469365033/repo/runtime/li_rt_net.c
[sdk] ✗ tool
[sdk] thinking…
[sdk] ▶ tool
[sdk] ✓ grep /home/s4il0r/Documents/Cursor/li-langverse/li-cursor-agents/data/workspaces/li-langverse/lic/code_implementer-1779469365033/repo/runtime/li_rt_net.c
[sdk] ✗ tool
[sdk] ▶ tool
[sdk] ✓ read /home/s4il0r/Documents/Cursor/li-langverse/li-cursor-agents/data/workspaces/li-langverse/lic/code_implementer-1779469365033/repo/li-tests/httpd/fixtures/routing.toml
[sdk] ✗ tool
[sdk] ▶ tool
[sdk] ✓ read /home/s4il0r/Documents/Cursor/li-langverse/li-cursor-agents/data/workspaces/li-langverse/lic/code_implementer-1779469365033/repo/li-tests/routing/match_routes.li
[sdk] ✗ tool
[sdk] thinking…
[sdk] ▶ tool
[sdk] ✓ grep /home/s4il0r/Documents/Cursor/li-langverse/li-cursor-agents/data/workspaces/li-langverse/lic/code_implementer-1779469365033/repo/runtime/li_rt.h
[sdk] ✗ tool
[sdk] ▶ tool
[sdk] ✓ read /home/s4il0r/Documents/Cursor/li-langverse/li-cursor-agents/data/workspaces/li-langverse/lic/code_implementer-1779469365033/repo/runtime/li_rt_net.c
[sdk] ✗ tool
[sdk] ▶ tool
[sdk] ✓ glob
[sdk] ✗ tool
[sdk] thinking…
[sdk] ▶ tool
[sdk] ✓ read /home/s4il0r/Documents/Cursor/li-langverse/li-cursor-agents/data/workspaces/li-langverse/lic/code_implementer-1779469365033/repo/docs/release-notes/2026-05-22-httpd-m1-ingress-headers.md
[sdk] ✗ tool
[sdk] ▶ tool
[sdk] ▶ tool
[sdk] ✓ grep /home/s4il0r/Documents/Cursor/li-langverse/li-cursor-agents/data/workspaces/li-langverse/lic/code_implementer-1779469365033/repo/runtime/li_rt_httpd.c
[sdk] ✗ tool
[sdk] ✓ read /home/s4il0r/Documents/Cursor/li-langverse/li-cursor-agents/data/workspaces/li-langverse/lic/code_implementer-1779469365033/repo/runtime/li_rt_net.c
[sdk] ✗ tool
[sdk] ▶ tool
[sdk] ✓ read /home/s4il0r/Documents/Cursor/li-langverse/li-cursor-agents/data/workspaces/li-langverse/lic/code_implementer-1779469365033/repo/runtime/li_rt_httpd.c
[sdk] ✗ tool
[sdk] ▶ tool
[sdk] ✓ shell cd /home/s4il0r/Documents/Cursor/li-langverse/li-cursor-agents/data/workspaces/l
[sdk] ✗ tool
[sdk] thinking…
[sdk] ▶ tool
[sdk] ✓ grep /home/s4il0r/Documents/Cursor/li-langverse/li-cursor-agents/data/workspaces/li-langverse/lic/code_implementer-1779469365033/repo/runtime/li_rt_httpd.c
[sdk] ✗ tool
[sdk] ▶ tool
[sdk] ✓ read /home/s4il0r/Documents/Cursor/li-langverse/li-cursor-agents/data/workspaces/li-langverse/lic/code_implementer-1779469365033/repo/li-tests/routing/cases/api_prefix.toml
[sdk] ✗ tool
[sdk] thinking…
[sdk] ▶ tool
[sdk] ✓ glob
[sdk] ✗ tool
[sdk] ▶ tool
[sdk] ✓ grep /home/s4il0r/Documents/Cursor/li-langverse/li-cursor-agents/data/workspaces/li-langverse/lic/code_implementer-1779469365033/repo/scripts
[sdk] ✗ tool
[sdk] thinking…
[sdk] ▶ tool
[sdk] ✓ grep /home/s4il0r/Documents/Cursor/li-langverse/li-cursor-agents/data/workspaces/li-langverse/lic/code_implementer-1779469365033/repo/runtime/li_rt_net.c
[sdk] ✗ tool
[sdk] ▶ tool
[sdk] ✓ read /home/s4il0r/Documents/Cursor/li-langverse/li-cursor-agents/data/workspaces/li-langverse/lic/code_implementer-1779469365033/repo/runtime/li_rt_net.c
[sdk] ✗ tool
[sdk] thinking…
[sdk] assistant reply
[sdk] ▶ tool
[sdk] ✓ updateTodos
[sdk] ✗ tool
[sdk] ▶ tool
[sdk] ✓ read /home/s4il0r/Documents/Cursor/li-langverse/li-cursor-agents/data/workspaces/li-langverse/lic/code_implementer-1779469365033/repo/runtime/li_rt_net.c
[sdk] ✗ tool
[sdk] ▶ tool
[sdk] ✓ read /home/s4il0r/Documents/Cursor/li-langverse/li-cursor-agents/data/workspaces/li-langverse/lic/code_implementer-1779469365033/repo/docs/release-notes/README.md
[sdk] ✗ tool
[sdk] thinking…
[sdk] ▶ tool
[sdk] ✓ edit /home/s4il0r/Documents/Cursor/li-langverse/li-cursor-agents/data/workspaces/li-langverse/lic/code_implementer-1779469365033/repo/scripts/httpd_match.py
[sdk] ✗ tool
[sdk] ▶ tool
[sdk] ✓ edit /home/s4il0r/Documents/Cursor/li-langverse/li-cursor-agents/data/workspaces/li-langverse/lic/code_implementer-1779469365033/repo/scripts/httpd_match.py
[sdk] ✗ tool
[sdk] ▶ tool
[sdk] ✓ edit /home/s4il0r/Documents/Cursor/li-langverse/li-cursor-agents/data/workspaces/li-langverse/lic/code_implementer-1779469365033/repo/scripts/httpd_match.py
[sdk] ✗ tool
[sdk] ▶ tool
[sdk] ✓ edit /home/s4il0r/Documents/Cursor/li-langverse/li-cursor-agents/data/workspaces/li-langverse/lic/code_implementer-1779469365033/repo/scripts/httpd_config.py
[sdk] ✗ tool
[sdk] ▶ tool
[sdk] ✓ edit /home/s4il0r/Documents/Cursor/li-langverse/li-cursor-agents/data/workspaces/li-langverse/lic/code_implementer-1779469365033/repo/scripts/httpd_config.py
[sdk] ✗ tool
[sdk] ▶ tool
[sdk] ✓ edit /home/s4il0r/Documents/Cursor/li-langverse/li-cursor-agents/data/workspaces/li-langverse/lic/code_implementer-1779469365033/repo/scripts/validate-httpd-config.py
[sdk] ✗ tool
[sdk] ▶ tool
[sdk] ✓ edit /home/s4il0r/Documents/Cursor/li-langverse/li-cursor-agents/data/workspaces/li-langverse/lic/code_implementer-1779469365033/repo/scripts/validate-httpd-config.py
[sdk] ✗ tool
[sdk] ▶ tool
[sdk] ✓ edit /home/s4il0r/Documents/Cursor/li-langverse/li-cursor-agents/data/workspaces/li-langverse/lic/code_implementer-1779469365033/repo/scripts/validate-httpd-config.py
[sdk] ✗ tool
[sdk] ▶ tool
[sdk] ✓ edit /home/s4il0r/Documents/Cursor/li-langverse/li-cursor-agents/data/workspaces/li-langverse/lic/code_implementer-1779469365033/repo/scripts/validate-httpd-config.py
[sdk] ✗ tool
[sdk] ▶ tool
[sdk] ✓ edit /home/s4il0r/Documents/Cursor/li-langverse/li-cursor-agents/data/workspaces/li-langverse/lic/code_implementer-1779469365033/repo/scripts/flatten-httpd-config.py
[sdk] ✗ tool
[sdk] ▶ tool
[sdk] ✓ edit /home/s4il0r/Documents/Cursor/li-langverse/li-cursor-agents/data/workspaces/li-langverse/lic/code_implementer-1779469365033/repo/scripts/flatten-httpd-config.py
[sdk] ✗ tool
[sdk] thinking…
[sdk] assistant reply
[sdk] ▶ tool
[sdk] ✓ edit /home/s4il0r/Documents/Cursor/li-langverse/li-cursor-agents/data/workspaces/li-langverse/lic/code_implementer-1779469365033/repo/runtime/li_rt_net.c
[sdk] ✗ tool
[sdk] ▶ tool
[sdk] ✓ edit /home/s4il0r/Documents/Cursor/li-langverse/li-cursor-agents/data/workspaces/li-langverse/lic/code_implementer-1779469365033/repo/runtime/li_rt_net.c
[sdk] ✗ tool
[sdk] ▶ tool
[sdk] ✓ edit /home/s4il0r/Documents/Cursor/li-langverse/li-cursor-agents/data/workspaces/li-langverse/lic/code_implementer-1779469365033/repo/runtime/li_rt_net.c
[sdk] ✗ tool
[sdk] ▶ tool
[sdk] ✓ edit /home/s4il0r/Documents/Cursor/li-langverse/li-cursor-agents/data/workspaces/li-langverse/lic/code_implementer-1779469365033/repo/runtime/li_rt_net.c
[sdk] ✗ tool
[sdk] ▶ tool
[sdk] ✓ edit /home/s4il0r/Documents/Cursor/li-langverse/li-cursor-agents/data/workspaces/li-langverse/lic/code_implementer-1779469365033/repo/runtime/li_rt_net.c
[sdk] ✗ tool
[sdk] ▶ tool
[sdk] ✓ edit /home/s4il0r/Documents/Cursor/li-langverse/li-cursor-agents/data/workspaces/li-langverse/lic/code_implementer-1779469365033/repo/runtime/li_rt_net.c
[sdk] ✗ tool
[sdk] ▶ tool
[sdk] ✓ edit /home/s4il0r/Documents/Cursor/li-langverse/li-cursor-agents/data/workspaces/li-langverse/lic/code_implementer-1779469365033/repo/runtime/li_rt_net.c
[sdk] ✗ tool
[sdk] ▶ tool
[sdk] ✓ edit /home/s4il0r/Documents/Cursor/li-langverse/li-cursor-agents/data/workspaces/li-langverse/lic/code_implementer-1779469365033/repo/runtime/li_rt_net.c
[sdk] ✗ tool
[sdk] thinking…
[sdk] ▶ tool
[sdk] ✓ grep /home/s4il0r/Documents/Cursor/li-langverse/li-cursor-agents/data/workspaces/li-langverse/lic/code_implementer-1779469365033/repo/runtime/li_rt_net.c
[sdk] ✗ tool
[sdk] ▶ tool
[sdk] ✓ edit /home/s4il0r/Documents/Cursor/li-langverse/li-cursor-agents/data/workspaces/li-langverse/lic/code_implementer-1779469365033/repo/runtime/li_rt_net.c
[sdk] ✗ tool
[sdk] ▶ tool
[sdk] ▶ tool
[sdk] ✓ edit /home/s4il0r/Documents/Cursor/li-langverse/li-cursor-agents/data/workspaces/li-langverse/lic/code_implementer-1779469365033/repo/runtime/li_rt_net.c
[sdk] ✗ tool
[sdk] ✓ read /home/s4il0r/Documents/Cursor/li-langverse/li-cursor-agents/data/workspaces/li-langverse/lic/code_implementer-1779469365033/repo/runtime/li_rt_net.c
[sdk] ✗ tool
[sdk] ▶ tool
[sdk] ✓ read /home/s4il0r/Documents/Cursor/li-langverse/li-cursor-agents/data/workspaces/li-langverse/lic/code_implementer-1779469365033/repo/runtime/li_rt_net.c
[sdk] ✗ tool
[sdk] thinking…
[sdk] ▶ tool
[sdk] ✓ grep /home/s4il0r/Documents/Cursor/li-langverse/li-cursor-agents/data/workspaces/li-langverse/lic/code_implementer-1779469365033/repo/runtime/li_rt_net.c
[sdk] ✗ tool
[sdk] ▶ tool
[sdk] ✓ read /home/s4il0r/Documents/Cursor/li-langverse/li-cursor-agents/data/workspaces/li-langverse/lic/code_implementer-1779469365033/repo/runtime/li_rt_net.c
[sdk] ✗ tool
[sdk] thinking…
[sdk] ▶ tool
[sdk] ✓ grep /home/s4il0r/Documents/Cursor/li-langverse/li-cursor-agents/data/workspaces/li-langverse/lic/code_implementer-1779469365033/repo/runtime/li_rt_net.c
[sdk] ✗ tool
[sdk] thinking…
[sdk] ▶ tool
[sdk] ✓ read /home/s4il0r/Documents/Cursor/li-langverse/li-cursor-agents/data/workspaces/li-langverse/lic/code_implementer-1779469365033/repo/runtime/li_rt_net.c
[sdk] ✗ tool
[sdk] ▶ tool
[sdk] ✓ read /home/s4il0r/Documents/Cursor/li-langverse/li-cursor-agents/data/workspaces/li-langverse/lic/code_implementer-1779469365033/repo/runtime/li_rt_net.c
[sdk] ✗ tool
[sdk] thinking…
