2026-05-22T11:02:25Z info - GET /index.html 401 0
2026-05-22T11:02:25Z info - GET /index.html 401 0
2026-05-22T11:02:25Z info - GET /index.html 200 0
2026-05-22T11:04:08Z info - GET /index.html 401 0
2026-05-22T11:04:08Z info - GET /index.html 401 0
2026-05-22T11:04:08Z info - GET /index.html 200 0
2026-05-23T08:54:18Z info - GET /health 404 0
2026-05-23T08:54:26Z info - GET /health 404 0
2026-05-23T08:56:09Z info - GET /health 404 0
2026-05-23T08:56:49Z info - GET /health 404 0
2026-05-23T09:35:10Z info - GET / 200 0
2026-05-23T09:35:12Z info - GET / 200 0
2026-05-23T09:35:12Z info - GET / 200 0
2026-05-23T09:35:20Z info - GET /index.html 200 0
2026-05-23T09:35:20Z info - GET /index.html 200 0
2026-05-23T09:35:20Z info - GET /index.html 200 0
2026-05-23T09:35:22Z info - GET / 200 0
2026-05-23T09:35:28Z info - POST /v1/chat/completions 429 0
2026-05-23T09:35:35Z info - GET /health 404 0
2026-05-23T10:29:32Z info - GET /health 404 0
2026-05-23T10:33:57Z info - POST /dispatch 403 0
2026-05-23T10:36:25Z info - GET /queued 429 0
2026-05-23T10:36:26Z info - GET /trip 429 0
2026-05-23T10:36:26Z info - GET /trip 429 0
2026-05-23T10:36:28Z info - POST /dispatch 403 0
2026-05-23T10:53:18Z info - GET /health 404 0
2026-05-23T10:53:21Z info - GET /queued 429 0
2026-05-23T10:53:21Z info - GET /trip 429 0
2026-05-23T10:53:22Z info - GET /trip 429 0
2026-05-23T10:53:25Z info - POST /dispatch 403 0
2026-05-23T11:05:03Z info - GET / 200 0
2026-05-23T11:05:05Z info - GET / 200 0
2026-05-23T11:05:05Z info - GET / 200 0
2026-05-23T11:05:13Z info - GET /index.html 200 0
2026-05-23T11:05:13Z info - GET /index.html 200 0
2026-05-23T11:05:13Z info - GET /index.html 200 0
2026-05-23T11:05:14Z info - GET / 200 0
2026-05-23T11:05:20Z info - POST /v1/chat/completions 429 0
2026-05-23T11:05:28Z info - GET /health 404 0
2026-05-23T11:05:31Z info - GET /queued 429 0
2026-05-23T11:05:31Z info - GET /trip 429 0
2026-05-23T11:05:32Z info - GET /trip 429 0
2026-05-23T11:05:35Z info - POST /dispatch 403 0
2026-05-23T11:12:41Z info - GET / 200 0
2026-05-23T11:12:43Z info - GET / 200 0
2026-05-23T11:12:43Z info - GET / 200 0
2026-05-23T11:12:51Z info - GET /index.html 200 0
2026-05-23T11:12:51Z info - GET /index.html 200 0
2026-05-23T11:12:51Z info - GET /index.html 200 0
2026-05-23T11:12:52Z info - GET / 200 0
2026-05-23T11:12:58Z info - POST /v1/chat/completions 429 0
2026-05-23T11:13:06Z info - GET /health 404 0
2026-05-23T11:13:09Z info - GET /queued 429 0
2026-05-23T11:13:09Z info - GET /trip 429 0
2026-05-23T11:13:10Z info - GET /trip 429 0
2026-05-23T11:13:13Z info - POST /dispatch 403 0
