# cmd: node /mnt/c/Users/Julian/Documents/Programming/li/li-cursor-agents/dist/cli/run-agent.js --agent code_implementer --cwd /mnt/c/Users/Julian/Documents/Programming/li/lis --workflow-repo lis --goal-file /mnt/c/Users/Julian/Documents/Programming/li/lic/data/ph-db-plan-loop/goal-20260531-033154.md --benchmarks /mnt/c/Users/Julian/Documents/Programming/li/benchmarks
# cwd: /mnt/c/Users/Julian/Documents/Programming/li/li-cursor-agents

backend: cursor-sdk agent: code_implementer
SDK tool activity streams to stderr ([sdk] â–¶/âœ“ lines). Set LI_SDK_TERMINAL_STREAM=0 to disable.
2026-05-31T03:31:59.139Z [heartbeat] info: worker_status → lidb: 1 active run(s) code_implementer
{
  "agentId": "code_implementer",
  "backend": "cursor-sdk",
  "status": "error",
  "durationMs": 0,
  "outputPath": "/mnt/c/Users/Julian/Documents/Programming/li/li-cursor-agents/data/runs/code_implementer-1780198318078.md",
  "outputText": "# Agent run: Code implementer\n\n> `code_implementer` · governance · backend `cursor-sdk`\n\n## Run metadata\n\n| Field | Value |\n|-------|-------|\n| **Status** | `error` |\n| **Run ID** | `code_implementer-1780198318078` |\n| **Duration** | 0.00s |\n| **Prompt** | `prompts/code-implementer.md` |\n| **Briefing** | `/mnt/c/Users/Julian/Documents/Programming/li/benchmarks/data/latest/agent-briefing.json` |\n| **Preflight at** | 2026-05-31T03:33:56.568Z |\n\n## Completion audit\n\n| Check | Result |\n|-------|--------|\n| Complete | no |\n| Premature | yes |\n| Deliverable section | no |\n\n### Gaps\n\n- repo-workflow agent finished without PR URL or skip reason\n\n## Deliverable\n\nImplementer preflight gate failed: lic prebuild failed (exit 1): c/build/CMakeCache.txt is different than the directory c:/Users/Julian/Documents/Programming/li/lic/build where CMakeCache.txt was created. This may result in binaries being created in the wrong place. If you are not sure, reedit the CMakeCache.txt\nCMake Error: The source \"/mnt/c/Users/Julian/Documents/Programming/li/lic/CMakeLists.txt\" does not match the source \"C:/Users/Julian/Documents/Programming/li/lic/CMakeLists.txt\" used to generate cache.  Re-run cmake with a different source directory.\n\n## Errors\n\n| Field | Value |\n|-------|-------|\n| **Type** | `Error` |\n| **Message** | Implementer preflight gate failed: lic prebuild failed (exit 1): c/build/CMakeCache.txt is different than the directory c:/Users/Julian/Documents/Programming/li/lic/build where CMakeCache.txt was crea |\n\n### Stack trace\n\n```\nError: Implementer preflight gate failed: lic prebuild failed (exit 1): c/build/CMakeCache.txt is different than the directory c:/Users/Julian/Documents/Programming/li/lic/build where CMakeCache.txt was created. This may result in binaries being created in the wrong place. If you are not sure, reedit the CMakeCache.txt\nCMake Error: The source \"/mnt/c/Users/Julian/Documents/Programming/li/lic/CMakeLists.txt\" does not match the source \"C:/Users/Julian/Documents/Programming/li/lic/CMakeLists.txt\" used to generate cache.  Re-run cmake with a different source directory.\n\n    at finalizeAgentRun (file:///mnt/c/Users/Julian/Documents/Programming/li/li-cursor-agents/dist/control-plane/finalize-run.js:51:48)\n    at runAgentBody (file:///mnt/c/Users/Julian/Documents/Programming/li/li-cursor-agents/dist/runner.js:126:20)\n    at file:///mnt/c/Users/Julian/Documents/Programming/li/li-cursor-agents/dist/runner.js:114:65\n    at withRunAgentTracking (file:///mnt/c/Users/Julian/Documents/Programming/li/li-cursor-agents/dist/runner.js:61:30)\n    at async main (file:///mnt/c/Users/Julian/Documents/Programming/li/li-cursor-agents/dist/cli/run-agent.js:127:20)\n```\n\n---\n_Formatted by li-cursor-agents · 2026-05-31T03:33:56.835Z_\n<!-- li-agent-role: code_implementer -->",
  "error": "Implementer preflight gate failed: lic prebuild failed (exit 1): c/build/CMakeCache.txt is different than the directory c:/Users/Julian/Documents/Programming/li/lic/build where CMakeCache.txt was created. This may result in binaries being created in the wrong place. If you are not sure, reedit the CMakeCache.txt\nCMake Error: The source \"/mnt/c/Users/Julian/Documents/Programming/li/lic/CMakeLists.txt\" does not match the source \"C:/Users/Julian/Documents/Programming/li/lic/CMakeLists.txt\" used to generate cache.  Re-run cmake with a different source directory.\n",
  "runInput": {
    "version": 1,
    "agent_id": "code_implementer",
    "backend": "cursor-sdk",
    "cwd": "/mnt/c/Users/Julian/Documents/Programming/li/lis",
    "benchmarks_root": "/mnt/c/Users/Julian/Documents/Programming/li/benchmarks",
    "dry_run": false,
    "mock": false,
    "system_prompt": "",
    "user_message": "Implementer preflight gate failed: lic prebuild failed (exit 1): c/build/CMakeCache.txt is different than the directory c:/Users/Julian/Documents/Programming/li/lic/build where CMakeCache.txt was created. This may result in binaries being created in the wrong place. If you are not sure, reedit the CMakeCache.txt\nCMake Error: The source \"/mnt/c/Users/Julian/Documents/Programming/li/lic/CMakeLists.txt\" does not match the source \"C:/Users/Julian/Documents/Programming/li/lic/CMakeLists.txt\" used to generate cache.  Re-run cmake with a different source directory.\n"
  },
  "completion": {
    "complete": false,
    "premature": true,
    "pr_urls": [],
    "deliverable_checked": false,
    "gaps": [
      "repo-workflow agent finished without PR URL or skip reason"
    ],
    "evidence": []
  },
  "errorDetail": {
    "name": "Error",
    "message": "Implementer preflight gate failed: lic prebuild failed (exit 1): c/build/CMakeCache.txt is different than the directory c:/Users/Julian/Documents/Programming/li/lic/build where CMakeCache.txt was created. This may result in binaries being created in the wrong place. If you are not sure, reedit the CMakeCache.txt\nCMake Error: The source \"/mnt/c/Users/Julian/Documents/Programming/li/lic/CMakeLists.txt\" does not match the source \"C:/Users/Julian/Documents/Programming/li/lic/CMakeLists.txt\" used to generate cache.  Re-run cmake with a different source directory.\n",
    "stack": "Error: Implementer preflight gate failed: lic prebuild failed (exit 1): c/build/CMakeCache.txt is different than the directory c:/Users/Julian/Documents/Programming/li/lic/build where CMakeCache.txt was created. This may result in binaries being created in the wrong place. If you are not sure, reedit the CMakeCache.txt\nCMake Error: The source \"/mnt/c/Users/Julian/Documents/Programming/li/lic/CMakeLists.txt\" does not match the source \"C:/Users/Julian/Documents/Programming/li/lic/CMakeLists.txt\" used to generate cache.  Re-run cmake with a different source directory.\n\n    at finalizeAgentRun (file:///mnt/c/Users/Julian/Documents/Programming/li/li-cursor-agents/dist/control-plane/finalize-run.js:51:48)\n    at runAgentBody (file:///mnt/c/Users/Julian/Documents/Programming/li/li-cursor-agents/dist/runner.js:126:20)\n    at file:///mnt/c/Users/Julian/Documents/Programming/li/li-cursor-agents/dist/runner.js:114:65\n    at withRunAgentTracking (file:///mnt/c/Users/Julian/Documents/Programming/li/li-cursor-agents/dist/runner.js:61:30)\n    at async main (file:///mnt/c/Users/Julian/Documents/Programming/li/li-cursor-agents/dist/cli/run-agent.js:127:20)"
  }
}
